2021-09-07 11:51:02 INFO  Loop Output:8 - For Loop output starts here ...
2021-09-07 11:51:02 INFO  Loop Output:13 - The Even Number :20
2021-09-07 11:51:02 INFO  Loop Output:13 - The Even Number :22
2021-09-07 11:51:02 INFO  Loop Output:13 - The Even Number :24
2021-09-07 11:51:02 INFO  Loop Output:13 - The Even Number :26
2021-09-07 11:51:02 INFO  Loop Output:13 - The Even Number :28
2021-09-07 11:51:02 INFO  Loop Output:13 - The Even Number :30
2021-09-07 11:51:02 INFO  Loop Output:13 - The Even Number :32
2021-09-07 11:51:02 INFO  Loop Output:13 - The Even Number :34
2021-09-07 11:51:02 INFO  Loop Output:13 - The Even Number :36
2021-09-07 11:51:02 INFO  Loop Output:13 - The Even Number :38
2021-09-07 11:51:02 INFO  Loop Output:13 - The Even Number :40
2021-09-07 11:51:02 INFO  Loop Output:16 - For Loop output ends here ...
2021-09-07 20:40:59 INFO  Loop Output:8 - For Loop output starts here ...
2021-09-07 20:40:59 INFO  Loop Output:13 - The Even Number :20
2021-09-07 20:40:59 INFO  Loop Output:13 - The Even Number :22
2021-09-07 20:40:59 INFO  Loop Output:13 - The Even Number :24
2021-09-07 20:40:59 INFO  Loop Output:13 - The Even Number :26
2021-09-07 20:40:59 INFO  Loop Output:13 - The Even Number :28
2021-09-07 20:40:59 INFO  Loop Output:13 - The Even Number :30
2021-09-07 20:40:59 INFO  Loop Output:13 - The Even Number :32
2021-09-07 20:40:59 INFO  Loop Output:13 - The Even Number :34
2021-09-07 20:40:59 INFO  Loop Output:13 - The Even Number :36
2021-09-07 20:40:59 INFO  Loop Output:13 - The Even Number :38
2021-09-07 20:40:59 INFO  Loop Output:13 - The Even Number :40
2021-09-07 20:40:59 INFO  Loop Output:16 - For Loop output ends here ...
2021-09-07 20:45:56 INFO  Loop Output:8 - For Loop output starts here ...
2021-09-07 20:45:56 INFO  Loop Output:13 - The Even Number :20
2021-09-07 20:45:56 INFO  Loop Output:13 - The Even Number :22
2021-09-07 20:45:56 INFO  Loop Output:13 - The Even Number :24
2021-09-07 20:45:56 INFO  Loop Output:13 - The Even Number :26
2021-09-07 20:45:56 INFO  Loop Output:13 - The Even Number :28
2021-09-07 20:45:56 INFO  Loop Output:13 - The Even Number :30
2021-09-07 20:45:56 INFO  Loop Output:13 - The Even Number :32
2021-09-07 20:45:56 INFO  Loop Output:13 - The Even Number :34
2021-09-07 20:45:56 INFO  Loop Output:13 - The Even Number :36
2021-09-07 20:45:56 INFO  Loop Output:13 - The Even Number :38
2021-09-07 20:45:56 INFO  Loop Output:13 - The Even Number :40
2021-09-07 20:45:56 INFO  Loop Output:16 - For Loop output ends here ...
2021-09-07 20:52:53 INFO  Rohit:8 - For Loop output starts here ...
2021-09-07 20:52:53 INFO  Rohit:13 - The Even Number :20
2021-09-07 20:52:53 INFO  Rohit:13 - The Even Number :22
2021-09-07 20:52:53 INFO  Rohit:13 - The Even Number :24
2021-09-07 20:52:53 INFO  Rohit:13 - The Even Number :26
2021-09-07 20:52:53 INFO  Rohit:13 - The Even Number :28
2021-09-07 20:52:53 INFO  Rohit:13 - The Even Number :30
2021-09-07 20:52:53 INFO  Rohit:13 - The Even Number :32
2021-09-07 20:52:53 INFO  Rohit:13 - The Even Number :34
2021-09-07 20:52:53 INFO  Rohit:13 - The Even Number :36
2021-09-07 20:52:53 INFO  Rohit:13 - The Even Number :38
2021-09-07 20:52:53 INFO  Rohit:13 - The Even Number :40
2021-09-07 20:52:53 INFO  Rohit:16 - For Loop output ends here ...
2021-09-07 21:01:40 INFO  Loop Output:8 - The Loop Starts Here -------------------
2021-09-07 21:01:40 INFO  Loop Output:13 - The Even Numbers Are : 20
2021-09-07 21:01:40 INFO  Loop Output:13 - The Even Numbers Are : 22
2021-09-07 21:01:40 INFO  Loop Output:13 - The Even Numbers Are : 24
2021-09-07 21:01:40 INFO  Loop Output:13 - The Even Numbers Are : 26
2021-09-07 21:01:40 INFO  Loop Output:13 - The Even Numbers Are : 28
2021-09-07 21:01:40 INFO  Loop Output:13 - The Even Numbers Are : 30
2021-09-07 21:01:40 INFO  Loop Output:13 - The Even Numbers Are : 32
2021-09-07 21:01:40 INFO  Loop Output:13 - The Even Numbers Are : 34
2021-09-07 21:01:40 INFO  Loop Output:13 - The Even Numbers Are : 36
2021-09-07 21:01:40 INFO  Loop Output:13 - The Even Numbers Are : 38
2021-09-07 21:01:40 INFO  Loop Output:13 - The Even Numbers Are : 40
2021-09-07 21:01:40 INFO  Loop Output:16 - The Loop Ends Here ----------------------
2021-09-07 21:01:40 INFO  Loop Output:8 - The Loop Starts Here -------------------
2021-09-07 21:01:40 INFO  Loop Output:13 - The Even Numbers Are : 20
2021-09-07 21:01:40 INFO  Loop Output:13 - The Even Numbers Are : 22
2021-09-07 21:01:40 INFO  Loop Output:13 - The Even Numbers Are : 24
2021-09-07 21:01:40 INFO  Loop Output:13 - The Even Numbers Are : 26
2021-09-07 21:01:40 INFO  Loop Output:13 - The Even Numbers Are : 28
2021-09-07 21:01:40 INFO  Loop Output:13 - The Even Numbers Are : 30
2021-09-07 21:01:40 INFO  Loop Output:13 - The Even Numbers Are : 32
2021-09-07 21:01:40 INFO  Loop Output:13 - The Even Numbers Are : 34
2021-09-07 21:01:40 INFO  Loop Output:13 - The Even Numbers Are : 36
2021-09-07 21:01:40 INFO  Loop Output:13 - The Even Numbers Are : 38
2021-09-07 21:01:40 INFO  Loop Output:13 - The Even Numbers Are : 40
2021-09-07 21:01:40 INFO  Loop Output:16 - The Loop Ends Here ----------------------
2021-09-16 16:20:58 INFO  Loop Output:19 - The Launch Browser Starts Here -------------------
2021-09-16 16:21:00 INFO  Loop Output:22 - The Launch Browser Ends Here ----------------------
2021-09-16 16:21:00 INFO  Loop Output:33 - The Browser Navigation Starts Here -------------------
2021-09-16 16:21:01 INFO  Loop Output:35 - The Browser Navigation Ends Here ----------------------
2021-09-16 16:21:03 INFO  Loop Output:60 - The Application Login Starts Here -------------------
2021-09-16 16:21:07 INFO  Loop Output:65 - The Application Login Ends Here ----------------------
2021-09-16 16:21:07 INFO  Loop Output:76 - The Minimizing The FlyOutWindow Starts Here -------------------
2021-09-16 16:21:09 INFO  Loop Output:79 - The Minimizing The FlyOutWindow Ends Here ----------------------
2021-09-16 16:21:09 INFO  Loop Output:90 - The Logout of Browser Starts Here -------------------
2021-09-16 16:21:12 INFO  Loop Output:93 - The Logout of Browser Ends Here ----------------------
2021-09-16 16:21:12 INFO  Loop Output:47 - The Close of Launch Browser Starts Here -------------------
2021-09-16 16:21:12 INFO  Loop Output:49 - The Close of Launch Browser Ends Here ----------------------
2021-09-16 16:24:14 INFO  Loop Output:19 - The Launch Browser Starts Here -------------------
2021-09-16 16:24:16 INFO  Loop Output:22 - The Launch Browser Ends Here ----------------------
2021-09-16 16:24:16 INFO  Loop Output:34 - The Browser Navigation Starts Here -------------------
2021-09-16 16:24:17 INFO  Loop Output:36 - The Browser Navigation Ends Here ----------------------
2021-09-16 16:24:19 INFO  Loop Output:63 - The Application Login Starts Here -------------------
2021-09-16 16:24:23 INFO  Loop Output:68 - The Application Login Ends Here ----------------------
2021-09-16 16:24:23 INFO  Loop Output:80 - The Minimizing The FlyOutWindow Starts Here -------------------
2021-09-16 16:24:25 INFO  Loop Output:83 - The Minimizing The FlyOutWindow Ends Here ----------------------
2021-09-16 16:24:25 INFO  Loop Output:95 - The Logout of Browser Starts Here -------------------
2021-09-16 16:24:27 INFO  Loop Output:98 - The Logout of Browser Ends Here ----------------------
2021-09-16 16:24:27 INFO  Loop Output:49 - The Close of Launch Browser Starts Here -------------------
2021-09-16 16:24:27 INFO  Loop Output:51 - The Close of Launch Browser Ends Here ----------------------
2021-09-16 16:27:14 INFO  Loop Output:19 - The Launch Browser Starts Here -------------------
2021-09-16 16:27:16 INFO  Loop Output:23 - The Launch Browser Ends Here ----------------------
2021-09-16 16:27:16 INFO  Loop Output:24 - ==================================================================
2021-09-16 16:27:16 INFO  Loop Output:35 - The Browser Navigation Starts Here -------------------
2021-09-16 16:27:18 INFO  Loop Output:38 - The Browser Navigation Ends Here ----------------------
2021-09-16 16:27:18 INFO  Loop Output:39 - ==================================================================
2021-09-16 16:27:18 INFO  Loop Output:64 - The Application Login Starts Here -------------------
2021-09-16 16:27:23 INFO  Loop Output:69 - The Application Login Ends Here ----------------------
2021-09-16 16:27:23 INFO  Loop Output:70 - ==================================================================
2021-09-16 16:27:23 INFO  Loop Output:81 - The Minimizing The FlyOutWindow Starts Here -------------------
2021-09-16 16:27:25 INFO  Loop Output:84 - The Minimizing The FlyOutWindow Ends Here ----------------------
2021-09-16 16:27:25 INFO  Loop Output:85 - ==================================================================
2021-09-16 16:27:25 INFO  Loop Output:96 - The Logout of Browser Starts Here -------------------
2021-09-16 16:27:27 INFO  Loop Output:99 - The Logout of Browser Ends Here ----------------------
2021-09-16 16:27:27 INFO  Loop Output:100 - ==================================================================
2021-09-16 16:27:27 INFO  Loop Output:50 - The Close of Launch Browser Starts Here -------------------
2021-09-16 16:27:27 INFO  Loop Output:52 - The Close of Launch Browser Ends Here ----------------------
2021-09-16 16:27:27 INFO  Loop Output:53 - ==================================================================
2021-09-16 16:49:27 INFO  Loop Output:19 - The Launch Browser Starts Here -------------------
2021-09-16 16:49:30 INFO  Loop Output:23 - The Launch Browser Ends Here ----------------------
2021-09-16 16:49:30 INFO  Loop Output:24 - ==================================================================
2021-09-16 16:49:30 INFO  Loop Output:35 - The Browser Navigation Starts Here -------------------
2021-09-16 16:49:32 INFO  Loop Output:38 - The Browser Navigation Ends Here ----------------------
2021-09-16 16:49:32 INFO  Loop Output:39 - ==================================================================
2021-09-16 16:49:32 INFO  Loop Output:64 - The Application Login Starts Here -------------------
2021-09-16 16:49:37 INFO  Loop Output:69 - The Application Login Ends Here ----------------------
2021-09-16 16:49:37 INFO  Loop Output:70 - ==================================================================
2021-09-16 16:49:37 INFO  Loop Output:81 - The Minimizing The FlyOutWindow Starts Here -------------------
2021-09-16 16:49:39 INFO  Loop Output:84 - The Minimizing The FlyOutWindow Ends Here ----------------------
2021-09-16 16:49:39 INFO  Loop Output:85 - ==================================================================
2021-09-16 16:49:39 INFO  Loop Output:96 - The Logout of Browser Starts Here -------------------
2021-09-16 16:49:41 INFO  Loop Output:99 - The Logout of Browser Ends Here ----------------------
2021-09-16 16:49:41 INFO  Loop Output:100 - ==================================================================
2021-09-16 16:49:41 INFO  Loop Output:50 - The Close of Launch Browser Starts Here -------------------
2021-09-16 16:49:41 INFO  Loop Output:52 - The Close of Launch Browser Ends Here ----------------------
2021-09-16 16:49:41 INFO  Loop Output:53 - ==================================================================
2021-09-16 17:07:03 INFO  Loop Output:21 - The Launch Browser Starts Here -------------------
2021-09-16 17:07:05 INFO  Loop Output:25 - The Launch Browser Ends Here ----------------------
2021-09-16 17:07:05 INFO  Loop Output:26 - ==================================================================
2021-09-16 17:07:05 INFO  Loop Output:38 - The Browser Navigation Starts Here -------------------
2021-09-16 17:07:08 INFO  Loop Output:41 - The Browser Navigation Ends Here ----------------------
2021-09-16 17:07:08 INFO  Loop Output:42 - ==================================================================
2021-09-16 17:07:08 INFO  Loop Output:21 - The Launch Browser Starts Here -------------------
2021-09-16 17:07:10 INFO  Loop Output:25 - The Launch Browser Ends Here ----------------------
2021-09-16 17:07:10 INFO  Loop Output:26 - ==================================================================
2021-09-16 17:07:10 INFO  Loop Output:38 - The Browser Navigation Starts Here -------------------
2021-09-16 17:07:13 INFO  Loop Output:41 - The Browser Navigation Ends Here ----------------------
2021-09-16 17:07:13 INFO  Loop Output:42 - ==================================================================
2021-09-16 17:07:13 INFO  Loop Output:69 - The Application Login Starts Here -------------------
2021-09-16 17:07:17 INFO  Loop Output:74 - The Application Login Ends Here ----------------------
2021-09-16 17:07:17 INFO  Loop Output:75 - ==================================================================
2021-09-16 17:07:17 INFO  Loop Output:86 - The Minimizing The FlyOutWindow Starts Here -------------------
2021-09-16 17:07:19 INFO  Loop Output:89 - The Minimizing The FlyOutWindow Ends Here ----------------------
2021-09-16 17:07:19 INFO  Loop Output:90 - ==================================================================
2021-09-16 17:07:19 INFO  Loop Output:101 - The Logout of Browser Starts Here -------------------
2021-09-16 17:07:21 INFO  Loop Output:104 - The Logout of Browser Ends Here ----------------------
2021-09-16 17:07:21 INFO  Loop Output:105 - ==================================================================
2021-09-16 17:07:21 INFO  Loop Output:54 - The Close of Launch Browser Starts Here -------------------
2021-09-16 17:07:22 INFO  Loop Output:56 - The Close of Launch Browser Ends Here ----------------------
2021-09-16 17:07:22 INFO  Loop Output:57 - ==================================================================
2021-09-16 17:07:22 INFO  Loop Output:54 - The Close of Launch Browser Starts Here -------------------
2021-09-16 22:11:40 INFO  Loop Output:22 - The Browser Launched Successfully ----------------------
2021-09-16 22:11:40 INFO  Loop Output:23 - ==================================================================
2021-09-16 22:11:43 INFO  Loop Output:37 - The Navigation to ActiTime has Launched Successfully  ----------------------
2021-09-16 22:11:43 INFO  Loop Output:38 - ==================================================================
2021-09-16 22:11:47 INFO  Loop Output:68 - The Logged to Application Successfully ----------------------
2021-09-16 22:11:47 INFO  Loop Output:69 - ==================================================================
2021-09-16 22:11:49 INFO  Loop Output:82 - The Minimizing The FlyOutWindow Minimized Successfully ----------------------
2021-09-16 22:11:49 INFO  Loop Output:83 - ==================================================================
2021-09-16 22:11:51 INFO  Loop Output:96 - The Logout to Application Successfully ----------------------
2021-09-16 22:11:51 INFO  Loop Output:97 - ==================================================================
2021-09-16 22:11:52 INFO  Loop Output:51 - The Browser has Closed Successfully ----------------------
2021-09-16 22:11:52 INFO  Loop Output:52 - ==================================================================
2021-09-16 22:35:04 INFO  Loop Output:22 - The Browser Launched Successfully ----------------------
2021-09-16 22:35:04 INFO  Loop Output:23 - ==================================================================
2021-09-16 22:35:06 INFO  Loop Output:37 - The Navigation to ActiTime has Launched Successfully  ----------------------
2021-09-16 22:35:06 INFO  Loop Output:38 - ==================================================================
2021-09-16 22:35:11 INFO  Loop Output:68 - The Logged to Application Successfully ----------------------
2021-09-16 22:35:11 INFO  Loop Output:69 - ==================================================================
2021-09-16 22:35:13 INFO  Loop Output:82 - The Minimizing The FlyOutWindow Minimized Successfully ----------------------
2021-09-16 22:35:13 INFO  Loop Output:83 - ==================================================================
2021-09-16 22:35:15 INFO  Loop Output:96 - The Logout to Application Successfully ----------------------
2021-09-16 22:35:15 INFO  Loop Output:97 - ==================================================================
2021-09-16 22:35:15 INFO  Loop Output:51 - The Browser has Closed Successfully ----------------------
2021-09-16 22:35:15 INFO  Loop Output:52 - ==================================================================
